<?xml version="1.0" encoding="UTF-8" ?>
<testsuite errors="0" failures="0" hostname="studpool-lan38.fbi.h-da.de" name="org.nostrapolus.studium.listeners.FeteTest" tests="1" time="0.18" timestamp="2010-01-21T21:11:02">
  <properties>
    <property name="netbeans.autoupdate.country" value="DE" />
    <property name="javac.test.classpath" value=":build/classes:/Applications/NetBeans/NetBeans 6.7.app/Contents/Resources/NetBeans/platform10/modules/ext/junit-4.5.jar" />
    <property name="ant.file.Klausurbeispiele" value="/Users/wieczo/Documents/Studium/WS09/JTAB/Praktikum/Klausurbeispiele/build.xml" />
    <property name="org.openide.TopManager.GUI" value="true" />
    <property name="libs.theme-default.classpath" value="/Applications/NetBeans/NetBeans 6.5.1.app/Contents/Resources/NetBeans/visualweb2/modules/ext/defaulttheme.jar" />
    <property name="libs.junit.javadoc" value="/Applications/NetBeans/NetBeans 6.7.app/Contents/Resources/NetBeans/java2/docs/junit-3.8.2-api.zip" />
    <property name="ant.core.lib" value="/Applications/NetBeans/NetBeans 6.7.app/Contents/Resources/NetBeans/java2/ant/lib/ant.jar" />
    <property name="libs.swing-app-framework.src" value="" />
    <property name="libs.SQLiteDriver.classpath" value="/Users/wieczo/.netbeans/6.5/modules/ext/sqlitejdbc-0.5.4.jar" />
    <property name="javadoc.windowtitle" value="" />
    <property name="libs.toplink.classpath" value="/Applications/NetBeans/NetBeans 6.7.app/Contents/Resources/NetBeans/java2/modules/ext/toplink/toplink-essentials.jar:/Applications/NetBeans/NetBeans 6.7.app/Contents/Resources/NetBeans/java2/modules/ext/toplink/toplink-essentials-agent.jar" />
    <property name="user.dir" value="/Users/wieczo/Documents/Studium/WS09/JTAB/Praktikum/Klausurbeispiele" />
    <property name="com.apple.mrj.application.apple.menu.about.name" value="NetBeans" />
    <property name="libs.theme-default-green.classpath" value="/Applications/NetBeans/NetBeans 6.5.1.app/Contents/Resources/NetBeans/visualweb2/modules/ext/defaulttheme-green.jar" />
    <property name="libs.hibernate-persistence.javadoc" value="" />
    <property name="java.vm.version" value="14.1-b02-90" />
    <property name="libs.jstl11.maven-pom" value="" />
    <property name="libs.MySQLDriver.classpath" value="/Applications/NetBeans/NetBeans 6.7.app/Contents/Resources/NetBeans/ide11/modules/ext/mysql-connector-java-5.1.6-bin.jar" />
    <property name="libs.jstl11.src" value="" />
    <property name="javadoc.notree" value="false" />
    <property name="netbeans.autoupdate.version" value="1.23" />
    <property name="libs.hibernate-support.maven-pom" value="" />
    <property name="libs.hibernate-support.javadoc" value="" />
    <property name="libs.exceptionhandler-runtime.maven-pom" value="" />
    <property name="jdk.home" value="/System/Library/Frameworks/JavaVM.framework/Versions/1.6/Home" />
    <property name="libs.javac-api.src" value="" />
    <property name="javadoc.noindex" value="false" />
    <property name="libs.theme-default-green.runtime" value="/Applications/NetBeans/NetBeans 6.5.1.app/Contents/Resources/NetBeans/visualweb2/modules/ext/defaulttheme-green.jar" />
    <property name="sun.os.patch.level" value="unknown" />
    <property name="libs.theme-default-gray.runtime" value="/Applications/NetBeans/NetBeans 6.5.1.app/Contents/Resources/NetBeans/visualweb2/modules/ext/defaulttheme-gray.jar" />
    <property name="java.vm.specification.name" value="Java Virtual Machine Specification" />
    <property name="nb.show.statistics.ui" value="usageStatisticsEnabled" />
    <property name="libs.jsf-extensions.maven-pom" value="" />
    <property name="libs.jdbcsupport-runtime.classpath" value="/Applications/NetBeans/NetBeans 6.5.1.app/Contents/Resources/NetBeans/visualweb2/modules/ext/sqlx.jar" />
    <property name="netbeans.autoupdate.variant" value="" />
    <property name="have.tests" value="true" />
    <property name="libs.jdbcsupport-designtime.classpath" value="/Applications/NetBeans/NetBeans 6.5.1.app/Contents/Resources/NetBeans/visualweb2/modules/ext/sqlx.jar" />
    <property name="org.xml.sax.driver" value="com.sun.org.apache.xerces.internal.jaxp.SAXParserImpl$JAXPSAXParser" />
    <property name="libs.javac-api.javadoc" value="" />
    <property name="os.name" value="Mac OS X" />
    <property name="libs.beans-binding.classpath" value="/Applications/NetBeans/NetBeans 6.7.app/Contents/Resources/NetBeans/java2/modules/ext/beansbinding-1.2.1.jar" />
    <property name="libs.restapi.javadoc" value="/Applications/NetBeans/NetBeans 6.7.app/Contents/Resources/NetBeans/enterprise5/docs/jsr311-api-doc.zip" />
    <property name="mrj.version" value="1060.1.6.0_15-219" />
    <property name="libs.JWSAntTasks.maven-pom" value="" />
    <property name="libs.restapi.classpath" value="/Applications/NetBeans/NetBeans 6.7.app/Contents/Resources/NetBeans/enterprise5/modules/ext/rest/jsr311-api.jar" />
    <property name="libs.EclipseLink-GlassFish-v3-Prelude.src" value="" />
    <property name="java.vendor.url.bug" value="http://bugreport.apple.com/" />
    <property name="libs.Comet-GlassFish-V3.classpath" value="/Applications/NetBeans/glassfish-v3-prelude/glassfish/modules/grizzly-module.jar" />
    <property name="libs.jaxb.maven-pom" value="" />
    <property name="os.arch" value="x86_64" />
    <property name="user.name" value="wieczo" />
    <property name="libs.jsf12.javadoc" value="/Applications/NetBeans/NetBeans 6.7.app/Contents/Resources/NetBeans/enterprise5/docs/javaee5-doc-api.zip" />
    <property name="manifest.available+main.class" value="true" />
    <property name="libs.swing-layout.maven-pom" value="" />
    <property name="build.classes.dir" value="build/classes" />
    <property name="netbeans.accept_license_class" value="org.netbeans.license.AcceptLicense" />
    <property name="build.sysclasspath" value="ignore" />
    <property name="ant.file.Klausurbeispiele-impl" value="/Users/wieczo/Documents/Studium/WS09/JTAB/Praktikum/Klausurbeispiele/nbproject/build-impl.xml" />
    <property name="libs.jaxws21.javadoc" value="/Applications/NetBeans/NetBeans 6.7.app/Contents/Resources/NetBeans/java2/docs/jaxws-2_1-api-doc.zip" />
    <property name="includes" value="**" />
    <property name="platforms.default_fx_platform.java" value="/System/Library/Frameworks/JavaVM.framework/Versions/1.6/Home/bin/java" />
    <property name="user.country" value="DE" />
    <property name="manifest.file" value="manifest.mf" />
    <property name="libs.jstl11.javadoc" value="/Applications/NetBeans/NetBeans 6.7.app/Contents/Resources/NetBeans/enterprise5/docs/javaee5-doc-api.zip" />
    <property name="javadoc.encoding" value="UTF-8" />
    <property name="javac.classpath" value="" />
    <property name="libs.jsfsupport-designtime.javadoc" value="/Applications/NetBeans/NetBeans 6.5.1.app/Contents/Resources/NetBeans/visualweb2/docs/appbase-doc.zip:/Applications/NetBeans/NetBeans 6.5.1.app/Contents/Resources/NetBeans/visualweb2/docs/dataprovider-doc.zip:/Applications/NetBeans/NetBeans 6.5.1.app/Contents/Resources/NetBeans/visualweb2/docs/jsfcl-doc.zip" />
    <property name="libs.JAVADB_DRIVER_LABEL.src" value="" />
    <property name="debug-transport" value="dt_socket" />
    <property name="netbeans.system_http_non_proxy_hosts" value="" />
    <property name="netbeans.home" value="/Applications/NetBeans/NetBeans 6.7.app/Contents/Resources/NetBeans/platform10" />
    <property name="build.compiler.emacs" value="true" />
    <property name="rubyplatform.Ruby.ruby_kind" value="Ruby" />
    <property name="libs.ejb3-persistence.src" value="" />
    <property name="libs.jdbcsupport-runtime.javadoc" value="" />
    <property name="java.endorsed.dirs" value="/System/Library/Frameworks/JavaVM.framework/Versions/1.6.0/Home/lib/endorsed" />
    <property name="libs.groovy-all.src" value="" />
    <property name="netbeans.dynamic.classpath" value="/Applications/NetBeans/NetBeans 6.7.app/Contents/Resources/NetBeans/platform10/core/core.jar:/Applications/NetBeans/NetBeans 6.7.app/Contents/Resources/NetBeans/platform10/core/org-openide-filesystems.jar:/Applications/NetBeans/NetBeans 6.7.app/Contents/Resources/NetBeans/platform10/core/locale/core_ja.jar:/Applications/NetBeans/NetBeans 6.7.app/Contents/Resources/NetBeans/platform10/core/locale/core_pt_BR.jar:/Applications/NetBeans/NetBeans 6.7.app/Contents/Resources/NetBeans/platform10/core/locale/core_zh_CN.jar:/Applications/NetBeans/NetBeans 6.7.app/Contents/Resources/NetBeans/platform10/core/locale/org-openide-filesystems_ja.jar:/Applications/NetBeans/NetBeans 6.7.app/Contents/Resources/NetBeans/platform10/core/locale/org-openide-filesystems_pt_BR.jar:/Applications/NetBeans/NetBeans 6.7.app/Contents/Resources/NetBeans/platform10/core/locale/org-openide-filesystems_zh_CN.jar:/Applications/NetBeans/NetBeans 6.7.app/Contents/Resources/NetBeans/nb6.7/core/org-netbeans-upgrader.jar:/Applications/NetBeans/NetBeans 6.7.app/Contents/Resources/NetBeans/nb6.7/core/locale/core_nb.jar:/Applications/NetBeans/NetBeans 6.7.app/Contents/Resources/NetBeans/nb6.7/core/locale/core_nb_ja.jar:/Applications/NetBeans/NetBeans 6.7.app/Contents/Resources/NetBeans/nb6.7/core/locale/core_nb_pt_BR.jar:/Applications/NetBeans/NetBeans 6.7.app/Contents/Resources/NetBeans/nb6.7/core/locale/core_nb_zh_CN.jar:/Applications/NetBeans/NetBeans 6.7.app/Contents/Resources/NetBeans/nb6.7/core/locale/org-netbeans-upgrader_ja.jar:/Applications/NetBeans/NetBeans 6.7.app/Contents/Resources/NetBeans/nb6.7/core/locale/org-netbeans-upgrader_pt_BR.jar:/Applications/NetBeans/NetBeans 6.7.app/Contents/Resources/NetBeans/nb6.7/core/locale/org-netbeans-upgrader_zh_CN.jar" />
    <property name="java.vm.specification.version" value="1.0" />
    <property name="libs.groovy-all.maven-pom" value="" />
    <property name="ftp.nonProxyHosts" value="local|*.local|169.254/16|*.169.254/16" />
    <property name="org.glassfish.v3.installRoot" value="/Applications/NetBeans/sges-v3-prelude" />
    <property name="libs.hibernate-persistence.classpath" value="/Applications/NetBeans/NetBeans 6.7.app/Contents/Resources/NetBeans/java2/modules/ext/hibernate/antlr-2.7.6.jar:/Applications/NetBeans/NetBeans 6.7.app/Contents/Resources/NetBeans/java2/modules/ext/hibernate/asm.jar:/Applications/NetBeans/NetBeans 6.7.app/Contents/Resources/NetBeans/java2/modules/ext/hibernate/asm-attrs.jar:/Applications/NetBeans/NetBeans 6.7.app/Contents/Resources/NetBeans/java2/modules/ext/hibernate/cglib-2.1.3.jar:/Applications/NetBeans/NetBeans 6.7.app/Contents/Resources/NetBeans/java2/modules/ext/hibernate/commons-collections-2.1.1.jar:/Applications/NetBeans/NetBeans 6.7.app/Contents/Resources/NetBeans/ide11/modules/ext/commons-logging-1.1.jar:/Applications/NetBeans/NetBeans 6.7.app/Contents/Resources/NetBeans/java2/modules/ext/hibernate/dom4j-1.6.1.jar:/Applications/NetBeans/NetBeans 6.7.app/Contents/Resources/NetBeans/java2/modules/ext/hibernate/ehcache-1.2.3.jar:/Applications/NetBeans/NetBeans 6.7.app/Contents/Resources/NetBeans/java2/modules/ext/hibernate/jdbc2_0-stdext.jar:/Applications/NetBeans/NetBeans 6.7.app/Contents/Resources/NetBeans/java2/modules/ext/hibernate/jta.jar:/Applications/NetBeans/NetBeans 6.7.app/Contents/Resources/NetBeans/java2/modules/ext/hibernate/hibernate3.jar:/Applications/NetBeans/NetBeans 6.7.app/Contents/Resources/NetBeans/java2/modules/ext/hibernate/hibernate-tools.jar:/Applications/NetBeans/NetBeans 6.7.app/Contents/Resources/NetBeans/java2/modules/ext/hibernate/hibernate-annotations.jar:/Applications/NetBeans/NetBeans 6.7.app/Contents/Resources/NetBeans/java2/modules/ext/hibernate/hibernate-commons-annotations.jar:/Applications/NetBeans/NetBeans 6.7.app/Contents/Resources/NetBeans/java2/modules/ext/hibernate/hibernate-entitymanager.jar:/Applications/NetBeans/NetBeans 6.7.app/Contents/Resources/NetBeans/java2/modules/ext/hibernate/javassist.jar:/Applications/NetBeans/NetBeans 6.7.app/Contents/Resources/NetBeans/java2/modules/ext/hibernate/ejb3-persistence.jar" />
    <property name="libs.jaxws21.src" value="" />
    <property name="libs.swing-app-framework.classpath" value="/Applications/NetBeans/NetBeans 6.7.app/Contents/Resources/NetBeans/java2/modules/ext/appframework-1.0.3.jar:/Applications/NetBeans/NetBeans 6.7.app/Contents/Resources/NetBeans/java2/modules/ext/swing-worker-1.1.jar" />
    <property name="netbeans.autoupdate.language" value="de" />
    <property name="org.netbeans.core.startup.specialResource" value="nullcom.sun.jdo.api.persistence.mapping.ejb" />
    <property name="java.vendor" value="Apple Inc." />
    <property name="javac.debug" value="true" />
    <property name="javadoc.splitindex" value="true" />
    <property name="file.separator" value="/" />
    <property name="libs.IdentityAntTasks.src" value="" />
    <property name="libs.junit_4.maven-pom" value="" />
    <property name="netbeans.buildnumber" value="200906241340" />
    <property name="libs.JWSAntTasks.javadoc" value="" />
    <property name="libs.apachexmlrpc.maven-pom" value="" />
    <property name="build.generated.sources.dir" value="build/generated-sources" />
    <property name="libs.webui-runtime.classpath" value="/Applications/NetBeans/NetBeans 6.5.1.app/Contents/Resources/NetBeans/visualweb2/modules/ext/webui.jar:/Applications/NetBeans/NetBeans 6.5.1.app/Contents/Resources/NetBeans/enterprise5/modules/ext/commons-fileupload-1.0.jar" />
    <property name="libs.apachexmlrpc.src" value="" />
    <property name="sun.java.launcher" value="SUN_STANDARD" />
    <property name="libs.junit.classpath" value="/Applications/NetBeans/NetBeans 6.7.app/Contents/Resources/NetBeans/java2/modules/ext/junit-3.8.2.jar" />
    <property name="libs.jaxb.javadoc" value="" />
    <property name="libs.struts.classpath" value="/Applications/NetBeans/NetBeans 6.7.app/Contents/Resources/NetBeans/enterprise5/modules/ext/struts/antlr-2.7.2.jar:/Applications/NetBeans/NetBeans 6.7.app/Contents/Resources/NetBeans/enterprise5/modules/ext/struts/bsf-2.3.0.jar:/Applications/NetBeans/NetBeans 6.7.app/Contents/Resources/NetBeans/enterprise5/modules/ext/struts/commons-beanutils-1.7.0.jar:/Applications/NetBeans/NetBeans 6.7.app/Contents/Resources/NetBeans/enterprise5/modules/ext/struts/commons-chain-1.1.jar:/Applications/NetBeans/NetBeans 6.7.app/Contents/Resources/NetBeans/enterprise5/modules/ext/struts/commons-digester-1.8.jar:/Applications/NetBeans/NetBeans 6.7.app/Contents/Resources/NetBeans/enterprise5/modules/ext/struts/commons-fileupload-1.1.1.jar:/Applications/NetBeans/NetBeans 6.7.app/Contents/Resources/NetBeans/enterprise5/modules/ext/struts/commons-io-1.1.jar:/Applications/NetBeans/NetBeans 6.7.app/Contents/Resources/NetBeans/enterprise5/modules/ext/struts/commons-logging-1.0.4.jar:/Applications/NetBeans/NetBeans 6.7.app/Contents/Resources/NetBeans/enterprise5/modules/ext/struts/commons-validator-1.3.1.jar:/Applications/NetBeans/NetBeans 6.7.app/Contents/Resources/NetBeans/enterprise5/modules/ext/struts/jstl-1.0.2.jar:/Applications/NetBeans/NetBeans 6.7.app/Contents/Resources/NetBeans/enterprise5/modules/ext/struts/oro-2.0.8.jar:/Applications/NetBeans/NetBeans 6.7.app/Contents/Resources/NetBeans/enterprise5/modules/ext/struts/standard-1.0.2.jar:/Applications/NetBeans/NetBeans 6.7.app/Contents/Resources/NetBeans/enterprise5/modules/ext/struts/struts-core-1.3.8.jar:/Applications/NetBeans/NetBeans 6.7.app/Contents/Resources/NetBeans/enterprise5/modules/ext/struts/struts-el-1.3.8.jar:/Applications/NetBeans/NetBeans 6.7.app/Contents/Resources/NetBeans/enterprise5/modules/ext/struts/struts-extras-1.3.8.jar:/Applications/NetBeans/NetBeans 6.7.app/Contents/Resources/NetBeans/enterprise5/modules/ext/struts/struts-faces-1.3.8.jar:/Applications/NetBeans/NetBeans 6.7.app/Contents/Resources/NetBeans/enterprise5/modules/ext/struts/struts-mailreader-dao-1.3.8.jar:/Applications/NetBeans/NetBeans 6.7.app/Contents/Resources/NetBeans/enterprise5/modules/ext/struts/struts-scripting-1.3.8.jar:/Applications/NetBeans/NetBeans 6.7.app/Contents/Resources/NetBeans/enterprise5/modules/ext/struts/struts-taglib-1.3.8.jar:/Applications/NetBeans/NetBeans 6.7.app/Contents/Resources/NetBeans/enterprise5/modules/ext/struts/struts-tiles-1.3.8.jar" />
    <property name="libs.woodstock-theme-default.classpath" value="/Applications/NetBeans/NetBeans 6.5.1.app/Contents/Resources/NetBeans/visualweb2/modules/ext/webui-jsf-suntheme.jar" />
    <property name="ant.home" value="/Applications/NetBeans/NetBeans 6.7.app/Contents/Resources/NetBeans/java2/ant" />
    <property name="libs.junit_4.src" value="/Applications/NetBeans/NetBeans 6.7.app/Contents/Resources/NetBeans/java2/docs/junit-4.5-src.jar" />
    <property name="libs.absolutelayout.maven-pom" value="" />
    <property name="ant.java.version" value="1.6" />
    <property name="java.library.path" value=".:/Library/Java/Extensions:/System/Library/Java/Extensions:/usr/lib/java" />
    <property name="javadoc.author" value="false" />
    <property name="libs.metro.maven-pom" value="" />
    <property name="libs.IdentityAntTasks.classpath" value="/Applications/NetBeans/NetBeans 6.7.app/Contents/Resources/NetBeans/identity2/ant/nblib/org-netbeans-modules-identity-ant.jar:/Applications/NetBeans/NetBeans 6.7.app/Contents/Resources/NetBeans/identity2/modules/org-netbeans-modules-identity-profile-api.jar" />
    <property name="java.util.logging.config.class" value="org.netbeans.core.startup.TopLogging" />
    <property name="libs.PostgreSQLDriver.src" value="" />
    <property name="sun.arch.data.model" value="64" />
    <property name="basedir" value="/Users/wieczo/Documents/Studium/WS09/JTAB/Praktikum/Klausurbeispiele" />
    <property name="jar.compress" value="false" />
    <property name="libs.jstl11.classpath" value="/Applications/NetBeans/NetBeans 6.7.app/Contents/Resources/NetBeans/enterprise5/modules/ext/standard.jar:/Applications/NetBeans/NetBeans 6.7.app/Contents/Resources/NetBeans/enterprise5/modules/ext/jstl.jar" />
    <property name="path.separator" value=":" />
    <property name="com.sun.aas.installRoot" value="/Applications/NetBeans/SUNWappserver" />
    <property name="sun.io.unicode.encoding" value="UnicodeLittle" />
    <property name="libs.jaxws21.classpath" value="/Applications/NetBeans/NetBeans 6.7.app/Contents/Resources/NetBeans/ide11/modules/ext/jaxb/activation.jar:/Applications/NetBeans/NetBeans 6.7.app/Contents/Resources/NetBeans/ide11/modules/ext/jaxb/api/jaxb-api.jar:/Applications/NetBeans/NetBeans 6.7.app/Contents/Resources/NetBeans/ide11/modules/ext/jaxb/jaxb-impl.jar:/Applications/NetBeans/NetBeans 6.7.app/Contents/Resources/NetBeans/ide11/modules/ext/jaxb/jaxb-xjc.jar:/Applications/NetBeans/NetBeans 6.7.app/Contents/Resources/NetBeans/ide11/modules/ext/jaxb/api/jsr173_api.jar:/Applications/NetBeans/NetBeans 6.7.app/Contents/Resources/NetBeans/java2/modules/ext/jaxws21/FastInfoset.jar:/Applications/NetBeans/NetBeans 6.7.app/Contents/Resources/NetBeans/java2/modules/ext/jaxws21/http.jar:/Applications/NetBeans/NetBeans 6.7.app/Contents/Resources/NetBeans/java2/modules/ext/jaxws21/api/jaxws-api.jar:/Applications/NetBeans/NetBeans 6.7.app/Contents/Resources/NetBeans/java2/modules/ext/jaxws21/jaxws-rt.jar:/Applications/NetBeans/NetBeans 6.7.app/Contents/Resources/NetBeans/java2/modules/ext/jaxws21/jaxws-tools.jar:/Applications/NetBeans/NetBeans 6.7.app/Contents/Resources/NetBeans/java2/modules/ext/jaxws21/api/jsr181-api.jar:/Applications/NetBeans/NetBeans 6.7.app/Contents/Resources/NetBeans/java2/modules/ext/jaxws21/api/jsr250-api.jar:/Applications/NetBeans/NetBeans 6.7.app/Contents/Resources/NetBeans/java2/modules/ext/jaxws21/mimepull.jar:/Applications/NetBeans/NetBeans 6.7.app/Contents/Resources/NetBeans/java2/modules/ext/jaxws21/api/saaj-api.jar:/Applications/NetBeans/NetBeans 6.7.app/Contents/Resources/NetBeans/java2/modules/ext/jaxws21/saaj-impl.jar:/Applications/NetBeans/NetBeans 6.7.app/Contents/Resources/NetBeans/java2/modules/ext/jaxws21/sjsxp.jar:/Applications/NetBeans/NetBeans 6.7.app/Contents/Resources/NetBeans/java2/modules/ext/jaxws21/stax-ex.jar:/Applications/NetBeans/NetBeans 6.7.app/Contents/Resources/NetBeans/java2/modules/ext/jaxws21/streambuffer.jar" />
    <property name="libs.struts.src" value="" />
    <property name="apple.awt.graphics.UseQuartz" value="false" />
    <property name="user.language" value="de" />
    <property name="libs.dojo.scriptpath" value="/Applications/NetBeans/NetBeans 6.5.1.app/Contents/Resources/NetBeans/webcommon1/modules/ext/javascript/dojo-1.1.1.zip" />
    <property name="libs.spring-framework.classpath" value="/Applications/NetBeans/NetBeans 6.7.app/Contents/Resources/NetBeans/ide11/modules/ext/commons-logging-1.1.jar:/Applications/NetBeans/NetBeans 6.7.app/Contents/Resources/NetBeans/java2/modules/ext/cglib-2.2.jar:/Applications/NetBeans/NetBeans 6.7.app/Contents/Resources/NetBeans/java2/modules/ext/spring/spring-2.5.jar" />
    <property name="manifest.available" value="true" />
    <property name="run.test.classpath" value=":build/classes:/Applications/NetBeans/NetBeans 6.7.app/Contents/Resources/NetBeans/platform10/modules/ext/junit-4.5.jar:build/test/classes" />
    <property name="useJavaUtilZip" value="true" />
    <property name="libs.swing-layout.javadoc" value="/Applications/NetBeans/NetBeans 6.7.app/Contents/Resources/NetBeans/platform10/docs/swing-layout-1.0.3-doc.zip" />
    <property name="rubyplatform.Ruby.interpreter" value="/usr/bin/ruby" />
    <property name="libs.swing-app-framework.javadoc" value="/Applications/NetBeans/NetBeans 6.7.app/Contents/Resources/NetBeans/java2/docs/appframework-1.0.3-doc.zip" />
    <property name="libs.ejb3-persistence.maven-pom" value="" />
    <property name="gopherProxySet" value="false" />
    <property name="https.nonProxyHosts" value="local|*.local|169.254/16|*.169.254/16|localhost|127.0.0.1|studpool-lan38.fbi.h-da.de" />
    <property name="libs.PostgreSQLDriver.maven-pom" value="" />
    <property name="java.class.version" value="50.0" />
    <property name="libs.JAVADB_DRIVER_LABEL.classpath" value="/Applications/NetBeans/glassfish-v2.1/javadb/lib/derby.jar:/Applications/NetBeans/glassfish-v2.1/javadb/lib/derbyclient.jar:/Applications/NetBeans/glassfish-v2.1/javadb/lib/derbynet.jar" />
    <property name="netbeans.system_http_proxy" value="DIRECT" />
    <property name="user.properties.file" value="/Users/wieczo/.netbeans/6.7/build.properties" />
    <property name="platforms.default_fx_platform.bootclasspath" value="/Users/wieczo/.netbeans/6.5/javafx-sdk/lib/shared/javafxc.jar:/Users/wieczo/.netbeans/6.5/javafx-sdk/lib/shared/javafxrt.jar:/Users/wieczo/.netbeans/6.5/javafx-sdk/lib/desktop/rt15.jar:/Users/wieczo/.netbeans/6.5/javafx-sdk/lib/desktop/javafx-geom.jar:/Users/wieczo/.netbeans/6.5/javafx-sdk/lib/desktop/javafx-ui-common.jar:/Users/wieczo/.netbeans/6.5/javafx-sdk/lib/desktop/javafx-ui-desktop.jar:/Users/wieczo/.netbeans/6.5/javafx-sdk/lib/desktop/javafx-ui-swing.jar:/Users/wieczo/.netbeans/6.5/javafx-sdk/lib/desktop/fxdloader.jar:/Users/wieczo/.netbeans/6.5/javafx-sdk/lib/desktop/websvc.jar:/Users/wieczo/.netbeans/6.5/javafx-sdk/lib/desktop/javafx-ui-controls.jar:/Users/wieczo/.netbeans/6.5/javafx-sdk/lib/desktop/javafx-ui-charts.jar:/Users/wieczo/.netbeans/6.5/javafx-sdk/lib/desktop/javafx-common.jar:/Users/wieczo/.netbeans/6.5/javafx-sdk/lib/desktop/javafx-io.jar:/Users/wieczo/.netbeans/6.5/javafx-sdk/lib/desktop/eula.jar:/Users/wieczo/.netbeans/6.5/javafx-sdk/lib/desktop/javafx-anim.jar:/Users/wieczo/.netbeans/6.5/javafx-sdk/lib/desktop/decora-runtime.jar:/Users/wieczo/.netbeans/6.5/javafx-sdk/lib/desktop/decora-sse.jar:/Users/wieczo/.netbeans/6.5/javafx-sdk/lib/desktop/decora-d3d.jar:/Users/wieczo/.netbeans/6.5/javafx-sdk/lib/desktop/decora-j2d-rsl.jar:/Users/wieczo/.netbeans/6.5/javafx-sdk/lib/desktop/decora-ogl.jar:/Users/wieczo/.netbeans/6.5/javafx-sdk/lib/desktop/decora-j2d-jogl.jar:/Users/wieczo/.netbeans/6.5/javafx-sdk/lib/desktop/javafx-sg-common.jar:/Users/wieczo/.netbeans/6.5/javafx-sdk/lib/desktop/javafx-sg-swing.jar:/Users/wieczo/.netbeans/6.5/javafx-sdk/lib/desktop/jogl.jar:/Users/wieczo/.netbeans/6.5/javafx-sdk/lib/desktop/gluegen-rt.jar:/Users/wieczo/.netbeans/6.5/javafx-sdk/lib/desktop/jmc.jar:/Users/wieczo/.netbeans/6.5/javafx-sdk/lib/desktop/script-api.jar:/Users/wieczo/.netbeans/6.5/javafx-sdk/lib/mobile/javafxapi-cldc.jar:/Users/wieczo/.netbeans/6.5/javafx-sdk/lib/mobile/cldc_1.1.jar:/Users/wieczo/.netbeans/6.5/javafx-sdk/lib/mobile/midp_2.0.jar:/Users/wieczo/.netbeans/6.5/javafx-sdk/lib/mobile/jsr120_1.1.jar:/Users/wieczo/.netbeans/6.5/javafx-sdk/lib/mobile/jsr135_1.1.jar:/Users/wieczo/.netbeans/6.5/javafx-sdk/lib/mobile/jsr172_1.0.jar:/Users/wieczo/.netbeans/6.5/javafx-sdk/lib/mobile/jsr177_1.0.jar:/Users/wieczo/.netbeans/6.5/javafx-sdk/lib/mobile/jsr179_1.0.jar:/Users/wieczo/.netbeans/6.5/javafx-sdk/lib/mobile/jsr184_1.1.jar:/Users/wieczo/.netbeans/6.5/javafx-sdk/lib/mobile/jsr234_1.0.jar:/Users/wieczo/.netbeans/6.5/javafx-sdk/lib/mobile/jsr256_1.1.jar:/Users/wieczo/.netbeans/6.5/javafx-sdk/lib/mobile/jsr75_1.0.jar" />
    <property name="libs.EclipseLink-GlassFish-V3.classpath" value="/Applications/NetBeans/glassfish-v3-prelude/glassfish/modules/org.eclipse.persistence.antlr.jar:/Applications/NetBeans/glassfish-v3-prelude/glassfish/modules/org.eclipse.persistence.asm.jar:/Applications/NetBeans/glassfish-v3-prelude/glassfish/modules/org.eclipse.persistence.core.jar:/Applications/NetBeans/glassfish-v3-prelude/glassfish/modules/org.eclipse.persistence.jpa.jar:/Applications/NetBeans/glassfish-v3-prelude/glassfish/modules/org.eclipse.persistence.oracle.jar:/Applications/NetBeans/glassfish-v3-prelude/glassfish/modules/javax.persistence.jar" />
    <property name="libs.spring-framework.src" value="" />
    <property name="libs.javac-api.maven-pom" value="" />
    <property name="file.encoding.pkg" value="sun.io" />
    <property name="sun.cpu.endian" value="little" />
    <property name="libs.JWSAntTasks.classpath" value="/Applications/NetBeans/NetBeans 6.7.app/Contents/Resources/NetBeans/java2/ant/extra/org-netbeans-modules-javawebstart-anttasks.jar" />
    <property name="libs.EclipseLink-GlassFish-v3-Prelude.classpath" value="/Applications/NetBeans/glassfish-v3-prelude/glassfish/modules/org.eclipse.persistence.antlr.jar:/Applications/NetBeans/glassfish-v3-prelude/glassfish/modules/org.eclipse.persistence.asm.jar:/Applications/NetBeans/glassfish-v3-prelude/glassfish/modules/org.eclipse.persistence.core.jar:/Applications/NetBeans/glassfish-v3-prelude/glassfish/modules/org.eclipse.persistence.jpa.jar:/Applications/NetBeans/glassfish-v3-prelude/glassfish/modules/org.eclipse.persistence.oracle.jar:/Applications/NetBeans/glassfish-v3-prelude/glassfish/modules/javax.persistence.jar" />
    <property name="rubyplatform.Ruby.ruby_lib_dir" value="/System/Library/Frameworks/Ruby.framework/Versions/1.8/usr/lib/ruby/1.8" />
    <property name="empty.dir" value="/Users/wieczo/Documents/Studium/WS09/JTAB/Praktikum/Klausurbeispiele/build/empty" />
    <property name="platforms.default_fx_platform.compiler" value="modern" />
    <property name="libs.jsfsupport-designtime.classpath" value="/Applications/NetBeans/NetBeans 6.5.1.app/Contents/Resources/NetBeans/visualweb2/modules/ext/jsfcl.jar:/Applications/NetBeans/NetBeans 6.5.1.app/Contents/Resources/NetBeans/visualweb2/modules/ext/appbase.jar:/Applications/NetBeans/NetBeans 6.5.1.app/Contents/Resources/NetBeans/visualweb2/modules/ext/dataprovider.jar:/Applications/NetBeans/NetBeans 6.5.1.app/Contents/Resources/NetBeans/visualweb2/modules/ext/sqlx.jar" />
    <property name="libs.scriptaculous.scriptpath" value="/Applications/NetBeans/NetBeans 6.5.1.app/Contents/Resources/NetBeans/webcommon1/modules/ext/javascript/scriptaculous-js-1.8.1.zip" />
    <property name="version-output" value="java version &quot;1.6" />
    <property name="javadoc.preview" value="true" />
    <property name="socksNonProxyHosts" value="local|*.local|169.254/16|*.169.254/16" />
    <property name="rubyplatform.Ruby.gem_home" value="/Library/Ruby/Gems/1.8" />
    <property name="nbplatform.default.harness.dir" value="/Applications/NetBeans/NetBeans 6.7.app/Contents/Resources/NetBeans/harness" />
    <property name="java.home" value="/System/Library/Frameworks/JavaVM.framework/Versions/1.6.0/Home" />
    <property name="libs.spring-webmvc.src" value="" />
    <property name="libs.Comet-GlassFish-v3-Prelude.classpath" value="/Applications/NetBeans/glassfish-v3-prelude/glassfish/modules/grizzly-module.jar" />
    <property name="debug.test.classpath" value=":build/classes:/Applications/NetBeans/NetBeans 6.7.app/Contents/Resources/NetBeans/platform10/modules/ext/junit-4.5.jar:build/test/classes" />
    <property name="netbeans.importclass" value="org.netbeans.upgrade.AutoUpgrade" />
    <property name="libs.webui-designtime.src" value="/Applications/NetBeans/NetBeans 6.5.1.app/Contents/Resources/NetBeans/visualweb2/docs/webui-src.zip" />
    <property name="org.openide.TopManager" value="org.netbeans.core.NonGui" />
    <property name="libs.toplink.maven-pom" value="" />
    <property name="libs.PostgreSQLDriver.javadoc" value="" />
    <property name="libs.restlib.classpath" value="/Applications/NetBeans/NetBeans 6.7.app/Contents/Resources/NetBeans/enterprise5/modules/ext/rest/jersey.jar:/Applications/NetBeans/NetBeans 6.7.app/Contents/Resources/NetBeans/enterprise5/modules/ext/rest/http.jar:/Applications/NetBeans/NetBeans 6.7.app/Contents/Resources/NetBeans/enterprise5/modules/ext/rest/wadl2java.jar:/Applications/NetBeans/NetBeans 6.7.app/Contents/Resources/NetBeans/enterprise5/modules/ext/rest/rome-0.9.jar:/Applications/NetBeans/NetBeans 6.7.app/Contents/Resources/NetBeans/enterprise5/modules/ext/rest/jdom-1.0.jar:/Applications/NetBeans/NetBeans 6.7.app/Contents/Resources/NetBeans/enterprise5/modules/ext/rest/jettison-1.0-RC1.jar:/Applications/NetBeans/NetBeans 6.7.app/Contents/Resources/NetBeans/enterprise5/modules/ext/rest/asm-3.1.jar:/Applications/NetBeans/NetBeans 6.7.app/Contents/Resources/NetBeans/enterprise5/modules/ext/rest/grizzly-servlet-webserver-1.7.3.2.jar:/Applications/NetBeans/NetBeans 6.7.app/Contents/Resources/NetBeans/enterprise5/modules/ext/rest/jersey-spring.jar:/Applications/NetBeans/NetBeans 6.7.app/Contents/Resources/NetBeans/ide11/modules/ext/jaxb/activation.jar:/Applications/NetBeans/NetBeans 6.7.app/Contents/Resources/NetBeans/ide11/modules/ext/jaxb/api/jaxb-api.jar:/Applications/NetBeans/NetBeans 6.7.app/Contents/Resources/NetBeans/ide11/modules/ext/jaxb/jaxb-impl.jar:/Applications/NetBeans/NetBeans 6.7.app/Contents/Resources/NetBeans/ide11/modules/ext/jaxb/jaxb-xjc.jar:/Applications/NetBeans/NetBeans 6.7.app/Contents/Resources/NetBeans/ide11/modules/ext/jaxb/api/jsr173_api.jar" />
    <property name="libs.exceptionhandler-runtime.javadoc" value="" />
    <property name="libs.jsfsupport-runtime.classpath" value="/Applications/NetBeans/NetBeans 6.5.1.app/Contents/Resources/NetBeans/visualweb2/modules/ext/jsfcl.jar:/Applications/NetBeans/NetBeans 6.5.1.app/Contents/Resources/NetBeans/visualweb2/modules/ext/appbase.jar:/Applications/NetBeans/NetBeans 6.5.1.app/Contents/Resources/NetBeans/visualweb2/modules/ext/dataprovider.jar:/Applications/NetBeans/NetBeans 6.5.1.app/Contents/Resources/NetBeans/visualweb2/modules/ext/sqlx.jar" />
    <property name="libs.MySQLDriver.maven-pom" value="" />
    <property name="libs.Comet-GlassFish-V3.src" value="" />
    <property name="http.nonProxyHosts" value="local|*.local|169.254/16|*.169.254/16" />
    <property name="libs.junit_4.javadoc" value="/Applications/NetBeans/NetBeans 6.7.app/Contents/Resources/NetBeans/java2/docs/junit-4.5-api.zip" />
    <property name="libs.spring-webmvc.javadoc" value="" />
    <property name="libs.toplink.src" value="" />
    <property name="rubyplatform.Ruby.ruby_release_date" value="2008-08-11" />
    <property name="libs.webui.javadoc" value="/Applications/NetBeans/NetBeans 6.5.1.app/Contents/Resources/NetBeans/visualweb2/docs/webui-doc.zip" />
    <property name="libs.jsf12-support.javadoc" value="/Applications/NetBeans/NetBeans 6.5.1.app/Contents/Resources/NetBeans/visualweb2/docs/appbase-doc.zip:/Applications/NetBeans/NetBeans 6.5.1.app/Contents/Resources/NetBeans/visualweb2/docs/dataprovider-doc.zip:/Applications/NetBeans/NetBeans 6.5.1.app/Contents/Resources/NetBeans/visualweb2/docs/jsfcl-doc.zip" />
    <property name="run.classpath" value=":build/classes" />
    <property name="libs.hibernate-support.src" value="" />
    <property name="libs.theme-default.runtime" value="/Applications/NetBeans/NetBeans 6.5.1.app/Contents/Resources/NetBeans/visualweb2/modules/ext/defaulttheme.jar" />
    <property name="sun.awt.datatransfer.timeout" value="1000" />
    <property name="apple.awt.graphics.UseOpenGL" value="false" />
    <property name="libs.apachexmlrpc.javadoc" value="" />
    <property name="libs.jdbcsupport-runtime.maven-pom" value="" />
    <property name="libs.restapi.src" value="" />
    <property name="sun.management.compiler" value="HotSpot 64-Bit Server Compiler" />
    <property name="libs.Comet-GlassFish-v3-Prelude.javadoc" value="" />
    <property name="javac.deprecation" value="false" />
    <property name="javadoc.use" value="true" />
    <property name="libs.jdbcsupport-runtime.src" value="" />
    <property name="libs.jdbcsupport-designtime.maven-pom" value="" />
    <property name="libs.theme-default-gray.classpath" value="/Applications/NetBeans/NetBeans 6.5.1.app/Contents/Resources/NetBeans/visualweb2/modules/ext/defaulttheme-gray.jar" />
    <property name="sun.java2d.noddraw" value="true" />
    <property name="libs.spring-webmvc.classpath" value="/Applications/NetBeans/NetBeans 6.7.app/Contents/Resources/NetBeans/enterprise5/modules/ext/spring/spring-webmvc-2.5.jar" />
    <property name="javac.compilerargs" value="" />
    <property name="ant.file" value="/Users/wieczo/Documents/Studium/WS09/JTAB/Praktikum/Klausurbeispiele/build.xml" />
    <property name="libs.beans-binding.maven-pom" value="" />
    <property name="libs.jsf12.classpath" value="/Applications/NetBeans/NetBeans 6.7.app/Contents/Resources/NetBeans/enterprise5/modules/ext/jsf-1_2/commons-beanutils.jar:/Applications/NetBeans/NetBeans 6.7.app/Contents/Resources/NetBeans/enterprise5/modules/ext/jsf-1_2/commons-collections.jar:/Applications/NetBeans/NetBeans 6.7.app/Contents/Resources/NetBeans/enterprise5/modules/ext/jsf-1_2/commons-digester.jar:/Applications/NetBeans/NetBeans 6.7.app/Contents/Resources/NetBeans/enterprise5/modules/ext/jsf-1_2/commons-logging.jar:/Applications/NetBeans/NetBeans 6.7.app/Contents/Resources/NetBeans/enterprise5/modules/ext/jsf-1_2/jsf-api.jar:/Applications/NetBeans/NetBeans 6.7.app/Contents/Resources/NetBeans/enterprise5/modules/ext/jsf-1_2/jsf-impl.jar" />
    <property name="sun.awt.exception.handler" value="org.netbeans.core.startup.TopLogging$AWTHandler" />
    <property name="libs.restapi.maven-pom" value="" />
    <property name="libs.beans-binding.src" value="" />
    <property name="libs.Comet-GlassFish-V3.maven-pom" value="" />
    <property name="java.vm.specification.vendor" value="Sun Microsystems Inc." />
    <property name="libs.swing-layout.src" value="/Applications/NetBeans/NetBeans 6.7.app/Contents/Resources/NetBeans/platform10/docs/swing-layout-1.0.3-src.zip" />
    <property name="libs.webui.src" value="/Applications/NetBeans/NetBeans 6.5.1.app/Contents/Resources/NetBeans/visualweb2/docs/webui-src.zip" />
    <property name="org.openide.major.version" value="IDE/1" />
    <property name="java.vm.name" value="Java HotSpot(TM) 64-Bit Server VM" />
    <property name="netbeans.user" value="/Users/wieczo/.netbeans/6.7" />
    <property name="javadoc.additionalparam" value="" />
    <property name="java.io.tmpdir" value="/var/folders/J+/J+TvhSHbFGajUUtJYCn+m++++TI/-Tmp-/" />
    <property name="java.vendor.url" value="http://www.apple.com/" />
    <property name="libs.prototype.scriptpath" value="/Applications/NetBeans/NetBeans 6.5.1.app/Contents/Resources/NetBeans/webcommon1/modules/ext/javascript/prototype-1.6.0.2.zip" />
    <property name="scala.specification.version" value="2.7.3.final" />
    <property name="jspc.classpath" value="/Applications/NetBeans/NetBeans 6.7.app/Contents/Resources/NetBeans/java2/ant/lib/ant.jar:/Applications/NetBeans/NetBeans 6.7.app/Contents/Resources/NetBeans/enterprise5/modules/ext/servlet2.5-jsp2.1-api.jar:${j2ee.platform.classpath}:/Applications/NetBeans/NetBeans 6.7.app/Contents/Resources/NetBeans/enterprise5/modules/ext/glassfish-jspparser-2.0.jar:/Applications/NetBeans/NetBeans 6.7.app/Contents/Resources/NetBeans/enterprise5/modules/ext/glassfish-logging-2.0.jar:/Applications/NetBeans/NetBeans 6.7.app/Contents/Resources/NetBeans/ide11/modules/ext/commons-logging-1.1.jar:/Applications/NetBeans/NetBeans 6.7.app/Contents/Resources/NetBeans/java2/ant/lib/ant-launcher.jar" />
    <property name="libs.jsf-extensions.src" value="" />
    <property name="sun.boot.library.path" value="/System/Library/Frameworks/JavaVM.framework/Versions/1.6.0/Libraries" />
    <property name="have.sources" value="true" />
    <property name="debug.classpath" value=":build/classes" />
    <property name="libs.woodstock-theme-default.runtime" value="/Applications/NetBeans/NetBeans 6.5.1.app/Contents/Resources/NetBeans/visualweb2/modules/ext/webui-jsf-suntheme.jar" />
    <property name="javadoc.private" value="false" />
    <property name="test.src.dir" value="test" />
    <property name="libs.Comet-GlassFish-V3.javadoc" value="" />
    <property name="meta.inf.dir" value="src/META-INF" />
    <property name="javadoc.encoding.used" value="UTF-8" />
    <property name="dist.jar" value="dist/Klausurbeispiele.jar" />
    <property name="java.runtime.name" value="Java(TM) SE Runtime Environment" />
    <property name="ant.project.name" value="Klausurbeispiele" />
    <property name="netbeans.hash.code" value="unique=NB_JAVA_WEBEE_CND_RUBY_GROOVY_PHP_WEBCOMMON_SJSAS_GFMOD0fceb7438-f67d-4d0d-99d7-34b7d702d71e_5a2d66f9-fcc1-43b6-8b2f-34c8238cdc60" />
    <property name="libs.EclipseLink-GlassFish-v3-Prelude.javadoc" value="/Applications/NetBeans/NetBeans 6.7.app/Contents/Resources/NetBeans/enterprise5/docs/javaee5-doc-api.zip" />
    <property name="libs.jdbcsupport-designtime.javadoc" value="" />
    <property name="libs.Comet-GlassFish-v3-Prelude.src" value="" />
    <property name="sun.cpu.isalist" value="" />
    <property name="libs.CopyLibs.javadoc" value="" />
    <property name="org.openide.specification.version" value="6.2" />
    <property name="libs.hibernate-support.classpath" value="/Applications/NetBeans/NetBeans 6.7.app/Contents/Resources/NetBeans/java2/modules/ext/hibernate/antlr-2.7.6.jar:/Applications/NetBeans/NetBeans 6.7.app/Contents/Resources/NetBeans/java2/modules/ext/hibernate/asm.jar:/Applications/NetBeans/NetBeans 6.7.app/Contents/Resources/NetBeans/java2/modules/ext/hibernate/asm-attrs.jar:/Applications/NetBeans/NetBeans 6.7.app/Contents/Resources/NetBeans/java2/modules/ext/hibernate/cglib-2.1.3.jar:/Applications/NetBeans/NetBeans 6.7.app/Contents/Resources/NetBeans/java2/modules/ext/hibernate/commons-collections-2.1.1.jar:/Applications/NetBeans/NetBeans 6.7.app/Contents/Resources/NetBeans/ide11/modules/ext/commons-logging-1.1.jar:/Applications/NetBeans/NetBeans 6.7.app/Contents/Resources/NetBeans/java2/modules/ext/hibernate/dom4j-1.6.1.jar:/Applications/NetBeans/NetBeans 6.7.app/Contents/Resources/NetBeans/java2/modules/ext/hibernate/ehcache-1.2.3.jar:/Applications/NetBeans/NetBeans 6.7.app/Contents/Resources/NetBeans/java2/modules/ext/hibernate/jdbc2_0-stdext.jar:/Applications/NetBeans/NetBeans 6.7.app/Contents/Resources/NetBeans/java2/modules/ext/hibernate/jta.jar:/Applications/NetBeans/NetBeans 6.7.app/Contents/Resources/NetBeans/java2/modules/ext/hibernate/hibernate3.jar:/Applications/NetBeans/NetBeans 6.7.app/Contents/Resources/NetBeans/java2/modules/ext/hibernate/hibernate-tools.jar:/Applications/NetBeans/NetBeans 6.7.app/Contents/Resources/NetBeans/java2/modules/ext/hibernate/hibernate-annotations.jar:/Applications/NetBeans/NetBeans 6.7.app/Contents/Resources/NetBeans/java2/modules/ext/hibernate/hibernate-commons-annotations.jar:/Applications/NetBeans/NetBeans 6.7.app/Contents/Resources/NetBeans/java2/modules/ext/hibernate/hibernate-entitymanager.jar:/Applications/NetBeans/NetBeans 6.7.app/Contents/Resources/NetBeans/java2/modules/ext/hibernate/javassist.jar" />
    <property name="user.home" value="/Users/wieczo" />
    <property name="libs.exceptionhandler-runtime.classpath" value="/Applications/NetBeans/NetBeans 6.5.1.app/Contents/Resources/NetBeans/visualweb2/modules/ext/errorhandler.jar" />
    <property name="debug-args-line" value="-Xdebug" />
    <property name="libs.JWSAntTasks.src" value="" />
    <property name="libs.CopyLibs.maven-pom" value="" />
    <property name="libs.hibernate-persistence.maven-pom" value="" />
    <property name="libs.absolutelayout.javadoc" value="" />
    <property name="java.specification.name" value="Java Platform API Specification" />
    <property name="libs.webui.classpath" value="/Applications/NetBeans/NetBeans 6.5.1.app/Contents/Resources/NetBeans/visualweb2/modules/ext/webui.jar:/Applications/NetBeans/NetBeans 6.5.1.app/Contents/Resources/NetBeans/enterprise5/modules/ext/commons-fileupload-1.0.jar" />
    <property name="libs.swing-app-framework.maven-pom" value="" />
    <property name="libs.EclipseLink-GlassFish-V3.javadoc" value="/Applications/NetBeans/NetBeans 6.5.1.app/Contents/Resources/NetBeans/enterprise5/docs/javaee5-doc-api.zip" />
    <property name="libs.yahooui.scriptpath" value="/Applications/NetBeans/NetBeans 6.5.1.app/Contents/Resources/NetBeans/webcommon1/modules/ext/javascript/yui-2.5.2.zip" />
    <property name="libs.woodstock-components.classpath" value="/Applications/NetBeans/NetBeans 6.5.1.app/Contents/Resources/NetBeans/visualweb2/modules/ext/webui-jsf.jar:/Applications/NetBeans/NetBeans 6.5.1.app/Contents/Resources/NetBeans/enterprise5/modules/ext/commons-fileupload-1.0.jar:/Applications/NetBeans/NetBeans 6.5.1.app/Contents/Resources/NetBeans/visualweb2/modules/ext/json-2.jar:/Applications/NetBeans/NetBeans 6.5.1.app/Contents/Resources/NetBeans/visualweb2/modules/ext/jsf-extensions-common-0.1.jar:/Applications/NetBeans/NetBeans 6.5.1.app/Contents/Resources/NetBeans/visualweb2/modules/ext/jsf-extensions-dynamic-faces-0.1.jar" />
    <property name="libs.jsf-extensions.javadoc" value="" />
    <property name="libs.jsf-extensions.classpath" value="/Applications/NetBeans/NetBeans 6.5.1.app/Contents/Resources/NetBeans/visualweb2/modules/ext/jsf-extensions-dynamic-faces-0.1.jar:/Applications/NetBeans/NetBeans 6.5.1.app/Contents/Resources/NetBeans/visualweb2/modules/ext/jsf-extensions-common-0.1.jar:/Applications/NetBeans/NetBeans 6.5.1.app/Contents/Resources/NetBeans/enterprise5/modules/ext/jsf-1_2/commons-logging.jar:/Applications/NetBeans/NetBeans 6.5.1.app/Contents/Resources/NetBeans/enterprise5/modules/ext/shale-remoting-1.0.4.jar" />
    <property name="java.specification.vendor" value="Sun Microsystems Inc." />
    <property name="libs.jdbcsupport-designtime.src" value="" />
    <property name="libs.javac-api.classpath" value="/Applications/NetBeans/NetBeans 6.7.app/Contents/Resources/NetBeans/java2/modules/ext/javac-api-nb-7.0-b07.jar" />
    <property name="platforms.default_fx_platform.home" value="/System/Library/Frameworks/JavaVM.framework/Versions/1.6/Home" />
    <property name="java.version" value="1.6.0_15" />
    <property name="javadoc.version" value="false" />
    <property name="libs.MySQLDriver.javadoc" value="" />
    <property name="org.openide.version" value="deprecated" />
    <property name="source.encoding" value="UTF-8" />
    <property name="awt.nativeDoubleBuffering" value="true" />
    <property name="rubyplatform.Ruby.ruby_patchlevel" value="287" />
    <property name="libs.junit.maven-pom" value="" />
    <property name="libs.jsf12-support.src" value="/Applications/NetBeans/NetBeans 6.5.1.app/Contents/Resources/NetBeans/visualweb2/docs/appbase-src.zip:/Applications/NetBeans/NetBeans 6.5.1.app/Contents/Resources/NetBeans/visualweb2/docs/dataprovider-src.zip:/Applications/NetBeans/NetBeans 6.5.1.app/Contents/Resources/NetBeans/visualweb2/docs/jsfcl-src.zip" />
    <property name="libs.metro.javadoc" value="/Applications/NetBeans/NetBeans 6.7.app/Contents/Resources/NetBeans/enterprise5/docs/metro-1.4-doc.zip" />
    <property name="libs.struts.maven-pom" value="" />
    <property name="netbeans.home+have.tests" value="true" />
    <property name="rubyplatform.Ruby.ruby_version" value="1.8.6" />
    <property name="libs.IdentityAntTasks.maven-pom" value="" />
    <property name="libs.jaxb.src" value="" />
    <property name="work.dir" value="/Users/wieczo/Documents/Studium/WS09/JTAB/Praktikum/Klausurbeispiele" />
    <property name="libs.jaxb.classpath" value="/Applications/NetBeans/NetBeans 6.7.app/Contents/Resources/NetBeans/ide11/modules/ext/jaxb/activation.jar:/Applications/NetBeans/NetBeans 6.7.app/Contents/Resources/NetBeans/ide11/modules/ext/jaxb/api/jaxb-api.jar:/Applications/NetBeans/NetBeans 6.7.app/Contents/Resources/NetBeans/ide11/modules/ext/jaxb/jaxb-impl.jar:/Applications/NetBeans/NetBeans 6.7.app/Contents/Resources/NetBeans/ide11/modules/ext/jaxb/jaxb-xjc.jar:/Applications/NetBeans/NetBeans 6.7.app/Contents/Resources/NetBeans/ide11/modules/ext/jaxb/api/jsr173_api.jar" />
    <property name="php.global.include.path" value="" />
    <property name="do.depend" value="false" />
    <property name="scala.class.path" value="/Users/wieczo/.netbeans/6.7/scala/scala-2.7.3.final/lib/sbaz-tests.jar:/Users/wieczo/.netbeans/6.7/scala/scala-2.7.3.final/lib/sbaz.jar:/Users/wieczo/.netbeans/6.7/scala/scala-2.7.3.final/lib/scala-compiler.jar:/Users/wieczo/.netbeans/6.7/scala/scala-2.7.3.final/lib/scala-dbc.jar:/Users/wieczo/.netbeans/6.7/scala/scala-2.7.3.final/lib/scala-library.jar:/Users/wieczo/.netbeans/6.7/scala/scala-2.7.3.final/lib/scala-swing.jar" />
    <property name="dist.javadoc.dir" value="dist/javadoc" />
    <property name="libs.swing-layout.classpath" value="/Applications/NetBeans/NetBeans 6.7.app/Contents/Resources/NetBeans/platform10/modules/ext/swing-layout-1.0.3.jar" />
    <property name="libs.restlib.src" value="" />
    <property name="build.generated.dir" value="build/generated" />
    <property name="javac.source" value="1.5" />
    <property name="libs.hibernate-persistence.src" value="" />
    <property name="line.separator" value="
" />
    <property name="rubyplatform.Ruby.ruby_platform" value="universal-darwin9.0" />
    <property name="java.specification.version" value="1.6" />
    <property name="java.vm.info" value="mixed mode" />
    <property name="libs.jaxws21.maven-pom" value="" />
    <property name="libs.jsf12-support.classpath" value="/Applications/NetBeans/NetBeans 6.5.1.app/Contents/Resources/NetBeans/visualweb2/modules/ext/jsfcl.jar:/Applications/NetBeans/NetBeans 6.5.1.app/Contents/Resources/NetBeans/visualweb2/modules/ext/appbase.jar:/Applications/NetBeans/NetBeans 6.5.1.app/Contents/Resources/NetBeans/visualweb2/modules/ext/dataprovider.jar:/Applications/NetBeans/NetBeans 6.5.1.app/Contents/Resources/NetBeans/visualweb2/modules/ext/sqlx.jar" />
    <property name="libs.SQLiteDriver.maven-pom" value="" />
    <property name="libs.spring-framework.maven-pom" value="" />
    <property name="sun.boot.class.path" value="/System/Library/Frameworks/JavaVM.framework/Versions/1.6.0/Classes/jsfd.jar:/System/Library/Frameworks/JavaVM.framework/Versions/1.6.0/Classes/classes.jar:/System/Library/Frameworks/JavaVM.framework/Frameworks/JavaRuntimeSupport.framework/Resources/Java/JavaRuntimeSupport.jar:/System/Library/Frameworks/JavaVM.framework/Versions/1.6.0/Classes/ui.jar:/System/Library/Frameworks/JavaVM.framework/Versions/1.6.0/Classes/laf.jar:/System/Library/Frameworks/JavaVM.framework/Versions/1.6.0/Classes/sunrsasign.jar:/System/Library/Frameworks/JavaVM.framework/Versions/1.6.0/Classes/jsse.jar:/System/Library/Frameworks/JavaVM.framework/Versions/1.6.0/Classes/jce.jar:/System/Library/Frameworks/JavaVM.framework/Versions/1.6.0/Classes/charsets.jar" />
    <property name="libs.woodstock-components.javadoc" value="/Applications/NetBeans/NetBeans 6.5.1.app/Contents/Resources/NetBeans/visualweb2/docs/webui-jsf-doc.zip:/Applications/NetBeans/NetBeans 6.5.1.app/Contents/Resources/NetBeans/visualweb2/docs/webui-jsf-tld.zip" />
    <property name="javac.target" value="1.5" />
    <property name="libs.SQLiteDriver.javadoc" value="" />
    <property name="build.test.classes.dir" value="build/test/classes" />
    <property name="src.dir" value="src" />
    <property name="libs.IdentityAntTasks.javadoc" value="" />
    <property name="libs.jsf12.src" value="" />
    <property name="libs.JAVADB_DRIVER_LABEL.maven-pom" value="" />
    <property name="nbplatform.default.netbeans.dest.dir" value="/Applications/NetBeans/NetBeans 6.7.app/Contents/Resources/NetBeans" />
    <property name="libs.struts.javadoc" value="/Applications/NetBeans/NetBeans 6.7.app/Contents/Resources/NetBeans/enterprise5/docs/struts-1.3.8-javadoc.zip" />
    <property name="jspctask.classpath" value="/Applications/NetBeans/NetBeans 6.7.app/Contents/Resources/NetBeans/enterprise5/ant/extra/jspcompile.jar" />
    <property name="libs.webui-designtime.classpath" value="/Applications/NetBeans/NetBeans 6.5.1.app/Contents/Resources/NetBeans/visualweb2/modules/ext/webui.jar:/Applications/NetBeans/NetBeans 6.5.1.app/Contents/Resources/NetBeans/enterprise5/modules/ext/commons-fileupload-1.0.jar" />
    <property name="dist.dir" value="dist" />
    <property name="libs.groovy-all.javadoc" value="" />
    <property name="libs.groovy-all.classpath" value="/Applications/NetBeans/NetBeans 6.7.app/Contents/Resources/NetBeans/groovy1/modules/ext/groovy-all.jar" />
    <property name="libs.EclipseLink-GlassFish-V3.maven-pom" value="" />
    <property name="java.awt.printerjob" value="apple.awt.CPrinterJob" />
    <property name="default.javac.source" value="2.7.3" />
    <property name="debug-transport-by-os" value="dt_socket" />
    <property name="libs.EclipseLink-GlassFish-v3-Prelude.maven-pom" value="" />
    <property name="javac.compilerargs.jaxws" value="" />
    <property name="sun.jnu.encoding" value="MacRoman" />
    <property name="libs.MySQLDriver.src" value="" />
    <property name="platforms.default_fx_platform.fxhome" value="/Users/wieczo/.netbeans/6.5/javafx-sdk" />
    <property name="libs.woodstock-components.src" value="/Applications/NetBeans/NetBeans 6.5.1.app/Contents/Resources/NetBeans/visualweb2/docs/webui-jsf-src.zip" />
    <property name="build.test.results.dir" value="build/test/results" />
    <property name="java.runtime.version" value="1.6.0_15-b03-219" />
    <property name="libs.ejb3-persistence.javadoc" value="" />
    <property name="manifest.available+main.class+mkdist.available" value="true" />
    <property name="default.javac.target" value="2.7.3" />
    <property name="libs.EclipseLink-GlassFish-V3.src" value="" />
    <property name="libs.junit_4.classpath" value="/Applications/NetBeans/NetBeans 6.7.app/Contents/Resources/NetBeans/platform10/modules/ext/junit-4.5.jar" />
    <property name="user.timezone" value="" />
    <property name="libs.apachexmlrpc.classpath" value="/Users/wieczo/Downloads/AAAAAAAAAAAA/commons-logging-1.1.jar:/Users/wieczo/Downloads/AAAAAAAAAAAA/ws-commons-util-1.0.2.jar:/Users/wieczo/Downloads/AAAAAAAAAAAA/xmlrpc-client-3.1.2.jar:/Users/wieczo/Downloads/AAAAAAAAAAAA/xmlrpc-common-3.1.2.jar:/Users/wieczo/Downloads/AAAAAAAAAAAA/xmlrpc-server-3.1.2.jar" />
    <property name="libs.jsfsupport-designtime.src" value="/Applications/NetBeans/NetBeans 6.5.1.app/Contents/Resources/NetBeans/visualweb2/docs/appbase-src.zip:/Applications/NetBeans/NetBeans 6.5.1.app/Contents/Resources/NetBeans/visualweb2/docs/dataprovider-src.zip:/Applications/NetBeans/NetBeans 6.5.1.app/Contents/Resources/NetBeans/visualweb2/docs/jsfcl-src.zip" />
    <property name="libs.Comet-GlassFish-v3-Prelude.maven-pom" value="" />
    <property name="libs.JAVADB_DRIVER_LABEL.javadoc" value="" />
    <property name="netbeans.dirs" value="/Applications/NetBeans/NetBeans 6.7.app/Contents/Resources/NetBeans/nb6.7:/Applications/NetBeans/NetBeans 6.7.app/Contents/Resources/NetBeans/ergonomics1:/Applications/NetBeans/NetBeans 6.7.app/Contents/Resources/NetBeans/ide11:/Applications/NetBeans/NetBeans 6.7.app/Contents/Resources/NetBeans/java2:/Applications/NetBeans/NetBeans 6.7.app/Contents/Resources/NetBeans/xml2:/Applications/NetBeans/NetBeans 6.7.app/Contents/Resources/NetBeans/apisupport1:/Applications/NetBeans/NetBeans 6.7.app/Contents/Resources/NetBeans/webcommon1:/Applications/NetBeans/NetBeans 6.7.app/Contents/Resources/NetBeans/websvccommon1:/Applications/NetBeans/NetBeans 6.7.app/Contents/Resources/NetBeans/enterprise5:/Applications/NetBeans/NetBeans 6.7.app/Contents/MacOS/../Resources/NetBeans/bin/../mobility8:/Applications/NetBeans/NetBeans 6.7.app/Contents/Resources/NetBeans/profiler3:/Applications/NetBeans/NetBeans 6.7.app/Contents/Resources/NetBeans/ruby2:/Applications/NetBeans/NetBeans 6.7.app/Contents/MacOS/../Resources/NetBeans/bin/../python1:/Applications/NetBeans/NetBeans 6.7.app/Contents/Resources/NetBeans/php1:/Applications/NetBeans/NetBeans 6.7.app/Contents/MacOS/../Resources/NetBeans/bin/../visualweb2:/Applications/NetBeans/NetBeans 6.7.app/Contents/MacOS/../Resources/NetBeans/bin/../soa2:/Applications/NetBeans/NetBeans 6.7.app/Contents/Resources/NetBeans/identity2:/Applications/NetBeans/NetBeans 6.7.app/Contents/Resources/NetBeans/uml6:/Applications/NetBeans/NetBeans 6.7.app/Contents/Resources/NetBeans/harness:/Applications/NetBeans/NetBeans 6.7.app/Contents/Resources/NetBeans/cnd2:/Applications/NetBeans/NetBeans 6.7.app/Contents/Resources/NetBeans/dlight1:/Applications/NetBeans/NetBeans 6.7.app/Contents/Resources/NetBeans/groovy1:/Applications/NetBeans/NetBeans 6.7.app/Contents/MacOS/../Resources/NetBeans/bin/../extra:/Applications/NetBeans/NetBeans 6.7.app/Contents/MacOS/../Resources/NetBeans/bin/../javafx2:" />
    <property name="libs.exceptionhandler-runtime.src" value="" />
    <property name="java.ext.dirs" value="/Library/Java/Extensions:/System/Library/Java/Extensions:/System/Library/Frameworks/JavaVM.framework/Versions/1.6.0/Home/lib/ext" />
    <property name="libs.metro.src" value="" />
    <property name="libs.absolutelayout.classpath" value="/Applications/NetBeans/NetBeans 6.7.app/Contents/Resources/NetBeans/java2/modules/ext/AbsoluteLayout.jar" />
    <property name="excludes" value="" />
    <property name="libs.restlib.maven-pom" value="" />
    <property name="libs.metro.classpath" value="/Applications/NetBeans/NetBeans 6.7.app/Contents/Resources/NetBeans/ide11/modules/ext/jaxb/activation.jar:/Applications/NetBeans/NetBeans 6.7.app/Contents/Resources/NetBeans/enterprise5/modules/ext/metro/webservices-api.jar:/Applications/NetBeans/NetBeans 6.7.app/Contents/Resources/NetBeans/enterprise5/modules/ext/metro/webservices-extra-api.jar:/Applications/NetBeans/NetBeans 6.7.app/Contents/Resources/NetBeans/enterprise5/modules/ext/metro/webservices-extra.jar:/Applications/NetBeans/NetBeans 6.7.app/Contents/Resources/NetBeans/enterprise5/modules/ext/metro/webservices-rt.jar:/Applications/NetBeans/NetBeans 6.7.app/Contents/Resources/NetBeans/enterprise5/modules/ext/metro/webservices-tools.jar" />
    <property name="apple.laf.useScreenMenuBar" value="true" />
    <property name="java.class.path" value="/Users/wieczo/Documents/Studium/WS09/JTAB/Praktikum/Klausurbeispiele/build/classes:/Applications/NetBeans/NetBeans 6.7.app/Contents/Resources/NetBeans/platform10/modules/ext/junit-4.5.jar:/Users/wieczo/Documents/Studium/WS09/JTAB/Praktikum/Klausurbeispiele/build/test/classes:/Applications/NetBeans/NetBeans 6.7.app/Contents/Resources/NetBeans/java2/ant/lib/ant-launcher.jar:/Applications/NetBeans/NetBeans 6.7.app/Contents/Resources/NetBeans/java2/ant/lib/ant.jar:/Applications/NetBeans/NetBeans 6.7.app/Contents/Resources/NetBeans/java2/ant/patches/72080.jar" />
    <property name="libs.webui-designtime.javadoc" value="/Applications/NetBeans/NetBeans 6.5.1.app/Contents/Resources/NetBeans/visualweb2/docs/webui-doc.zip" />
    <property name="libs.absolutelayout.src" value="" />
    <property name="libs.SQLiteDriver.src" value="" />
    <property name="os.version" value="10.6.2" />
    <property name="application.args" value="" />
    <property name="libs.toplink.javadoc" value="/Applications/NetBeans/NetBeans 6.7.app/Contents/Resources/NetBeans/enterprise5/docs/javaee5-doc-api.zip" />
    <property name="scala.home" value="/Users/wieczo/.netbeans/6.7/scala/scala-2.7.3.final" />
    <property name="libs.restlib.javadoc" value="/Applications/NetBeans/NetBeans 6.7.app/Contents/Resources/NetBeans/enterprise5/docs/jersey-api-doc.zip" />
    <property name="java.awt.graphicsenv" value="apple.awt.CGraphicsEnvironment" />
    <property name="libs.beans-binding.javadoc" value="/Applications/NetBeans/NetBeans 6.7.app/Contents/Resources/NetBeans/java2/docs/beansbinding-1.2.1-doc.zip" />
    <property name="java.vm.vendor" value="Apple Inc." />
    <property name="libs.CopyLibs.classpath" value="/Applications/NetBeans/NetBeans 6.7.app/Contents/Resources/NetBeans/java2/ant/extra/org-netbeans-modules-java-j2seproject-copylibstask.jar" />
    <property name="rubyplatform.Ruby.gem_version" value="1.0.1" />
    <property name="libs.spring-webmvc.maven-pom" value="" />
    <property name="jaxws.endorsed.dir" value="/Applications/NetBeans/NetBeans 6.7.app/Contents/Resources/NetBeans/java2/modules/ext/jaxws21/api:/Applications/NetBeans/NetBeans 6.7.app/Contents/Resources/NetBeans/ide11/modules/ext/jaxb/api" />
    <property name="run.jvmargs" value="" />
    <property name="libs.ejb3-persistence.classpath" value="/Applications/NetBeans/NetBeans 6.7.app/Contents/Resources/NetBeans/java2/modules/ext/hibernate/ejb3-persistence.jar" />
    <property name="apple.lang.DisableCompatibilityClasspath" value="true" />
    <property name="libs.spring-framework.javadoc" value="" />
    <property name="libs.jquery.scriptpath" value="/Applications/NetBeans/NetBeans 6.5.1.app/Contents/Resources/NetBeans/webcommon1/modules/ext/javascript/jquery-1.2.6.zip" />
    <property name="libs.PostgreSQLDriver.classpath" value="/Applications/NetBeans/NetBeans 6.7.app/Contents/Resources/NetBeans/ide11/modules/ext/postgresql-8.3-603.jdbc3.jar" />
    <property name="libs.jsf12.maven-pom" value="" />
    <property name="rubyplatform.Ruby.gem_path" value="/System/Library/Frameworks/Ruby.framework/Versions/1.8/usr/lib/ruby/gems/1.8:/Library/Ruby/Gems/1.8" />
    <property name="libs.junit.src" value="" />
    <property name="main.class" value="org.nostrapolus.studium.listeners.Main" />
    <property name="build.dir" value="build" />
    <property name="libs.CopyLibs.src" value="" />
    <property name="ant.version" value="Apache Ant version 1.7.1 compiled on June 27 2008" />
    <property name="file.encoding" value="MacRoman" />
    <property name="build.classes.excludes" value="**/*.java,**/*.form" />
    <property name="javadoc.nonavbar" value="false" />
    <property name="platform.active" value="default_platform" />
    <property name="awt.toolkit" value="apple.awt.CToolkit" />
  </properties>
  <testcase classname="org.nostrapolus.studium.listeners.FeteTest" name="testChangeAndGetStatus" time="0.0040" />
  <system-out><![CDATA[getStatus
]]></system-out>
  <system-err><![CDATA[]]></system-err>
</testsuite>
